c:\users\guill\source\repos\prflcgi\prflcgi\debug\vc142.pdb
c:\users\guill\source\repos\prflcgi\prflcgi\debug\vc142.idb
c:\users\guill\source\repos\prflcgi\prflcgi\debug\source.obj
c:\users\guill\source\repos\prflcgi\debug\prflcgi.pdb
c:\users\guill\source\repos\prflcgi\prflcgi\debug\prflcgi.tlog\cl.command.1.tlog
c:\users\guill\source\repos\prflcgi\prflcgi\debug\prflcgi.tlog\cl.read.1.tlog
c:\users\guill\source\repos\prflcgi\prflcgi\debug\prflcgi.tlog\cl.write.1.tlog
c:\users\guill\source\repos\prflcgi\prflcgi\debug\prflcgi.tlog\link-cvtres.read.1.tlog
c:\users\guill\source\repos\prflcgi\prflcgi\debug\prflcgi.tlog\link-cvtres.write.1.tlog
c:\users\guill\source\repos\prflcgi\prflcgi\debug\prflcgi.tlog\link-rc.read.1.tlog
c:\users\guill\source\repos\prflcgi\prflcgi\debug\prflcgi.tlog\link-rc.write.1.tlog
c:\users\guill\source\repos\prflcgi\prflcgi\debug\prflcgi.tlog\link.12216-cvtres.read.1.tlog
c:\users\guill\source\repos\prflcgi\prflcgi\debug\prflcgi.tlog\link.12216-cvtres.write.1.tlog
c:\users\guill\source\repos\prflcgi\prflcgi\debug\prflcgi.tlog\link.12216-rc.read.1.tlog
c:\users\guill\source\repos\prflcgi\prflcgi\debug\prflcgi.tlog\link.12216-rc.write.1.tlog
c:\users\guill\source\repos\prflcgi\prflcgi\debug\prflcgi.tlog\link.12216.read.1.tlog
c:\users\guill\source\repos\prflcgi\prflcgi\debug\prflcgi.tlog\link.12216.write.1.tlog
c:\users\guill\source\repos\prflcgi\prflcgi\debug\prflcgi.tlog\link.command.1.tlog
c:\users\guill\source\repos\prflcgi\prflcgi\debug\prflcgi.tlog\link.read.1.tlog
c:\users\guill\source\repos\prflcgi\prflcgi\debug\prflcgi.tlog\link.write.1.tlog
